<!DOCTYPE html PUBLIC "-//W3C//DTD XHTML 1.0 Transitional//EN" "http://www.w3.org/TR/xhtml1/DTD/xhtml1-transitional.dtd">
<!-- Generated by Apache Maven Doxia Site Renderer 1.3 at 29/04/2013 -->
<html xmlns="http://www.w3.org/1999/xhtml" xml:lang="pt" lang="pt">
  <head>
    <meta http-equiv="Content-Type" content="text/html; charset=UTF-8" />
    <title>selenium-maven-jenkins - Surefire Report</title>
    <style type="text/css" media="all">
      @import url("./css/maven-base.css");
      @import url("./css/maven-theme.css");
      @import url("./css/site.css");
    </style>
    <link rel="stylesheet" href="./css/print.css" type="text/css" media="print" />
    <meta name="Date-Revision-yyyymmdd" content="20130429" />
    <meta http-equiv="Content-Language" content="pt" />
        
        </head>
  <body class="composite">
    <div id="banner">
                    <div id="bannerLeft">
                selenium-maven-jenkins
                </div>
                    <div class="clear">
        <hr/>
      </div>
    </div>
    <div id="breadcrumbs">
            
            
                <div class="xleft">
        <span id="publishDate">Última atualização: 2013-04-29</span>
                  &nbsp;| <span id="projectVersion">Versão: 1.0-SNAPSHOT</span>
                      </div>
            <div class="xright">                    <a href="./" title="selenium-maven-jenkins">selenium-maven-jenkins</a>
              
            
      </div>
      <div class="clear">
        <hr/>
      </div>
    </div>
    <div id="leftColumn">
      <div id="navcolumn">
             
            
                                          <h5>Documentação do Projeto</h5>
                  <ul>
                                                                                                                                                                                                                                                                                            <li class="collapsed">
                          <a href="project-info.html" title="Informações sobre o Projeto">Informações sobre o Projeto</a>
                  </li>
                                                                              <li class="expanded">
                          <a href="project-reports.html" title="Relatórios do Projeto">Relatórios do Projeto</a>
                    <ul>
                      <li class="none">
            <strong>Surefire Report</strong>
          </li>
              </ul>
        </li>
          </ul>
                             <a href="http://maven.apache.org/" title="Construído por Maven" class="poweredBy">
        <img class="poweredBy" alt="Construído por Maven" src="./images/logos/maven-feather.png" />
      </a>
                   
            
            </div>
    </div>
    <div id="bodyColumn">
      <div id="contentBox">
        <div class="section"><h2>Surefire Report<a name="Surefire_Report"></a></h2></div><div class="section"><h2>Summary<a name="Summary"></a></h2><a name="Summary"></a><p>[<a href="#Summary">Summary</a>] [<a href="#Package_List">Package List</a>] [<a href="#Test_Cases">Test Cases</a>]</p><br /><table border="0" class="bodyTable"><tr class="a"><th>Tests</th><th>Errors </th><th>Failures</th><th>Skipped</th><th>Success Rate</th><th>Time</th></tr><tr class="b"><td>5</td><td>3</td><td>0</td><td>0</td><td>40%</td><td>22.628</td></tr></table><br /><p>Note: failures are anticipated and checked for with assertions while errors are unanticipated.</p><br /></div><div class="section"><h2>Package List<a name="Package_List"></a></h2><a name="Package_List"></a><p>[<a href="#Summary">Summary</a>] [<a href="#Package_List">Package List</a>] [<a href="#Test_Cases">Test Cases</a>]</p><br /><table border="0" class="bodyTable"><tr class="a"><th>Package</th><th>Tests</th><th>Errors </th><th>Failures</th><th>Skipped</th><th>Success Rate</th><th>Time</th></tr><tr class="b"><td><a href="#google">google</a></td><td>5</td><td>3</td><td>0</td><td>0</td><td>40%</td><td>22.628</td></tr></table><br /><p>Note: package statistics are not computed recursively, they only sum up all of its testsuites numbers.</p><div class="section"><h3>google<a name="google"></a></h3><a name="google"></a><table border="0" class="bodyTable"><tr class="a"><th></th><th>Class</th><th>Tests</th><th>Errors </th><th>Failures</th><th>Skipped</th><th>Success Rate</th><th>Time</th></tr><tr class="b"><td><a href="#googleGooglePageTest"><img src="images/icon_success_sml.gif" alt="" /></a></td><td><a href="#googleGooglePageTest">GooglePageTest</a></td><td>2</td><td>0</td><td>0</td><td>0</td><td>100%</td><td>13.472</td></tr><tr class="a"><td><a href="#googleGoogleTest"><img src="images/icon_error_sml.gif" alt="" /></a></td><td><a href="#googleGoogleTest">GoogleTest</a></td><td>1</td><td>1</td><td>0</td><td>0</td><td>0%</td><td>6.656</td></tr><tr class="b"><td><a href="#googleRemoteGoogleTest"><img src="images/icon_error_sml.gif" alt="" /></a></td><td><a href="#googleRemoteGoogleTest">RemoteGoogleTest</a></td><td>1</td><td>1</td><td>0</td><td>0</td><td>0%</td><td>999</td></tr><tr class="a"><td><a href="#googleRemotePCGoogleTest"><img src="images/icon_error_sml.gif" alt="" /></a></td><td><a href="#googleRemotePCGoogleTest">RemotePCGoogleTest</a></td><td>1</td><td>1</td><td>0</td><td>0</td><td>0%</td><td>1.501</td></tr></table></div><br /></div><div class="section"><h2>Test Cases<a name="Test_Cases"></a></h2><a name="Test_Cases"></a><p>[<a href="#Summary">Summary</a>] [<a href="#Package_List">Package List</a>] [<a href="#Test_Cases">Test Cases</a>]</p><div class="section"><h3>GooglePageTest<a name="GooglePageTest"></a></h3><a name="googleGooglePageTest"></a><table border="0" class="bodyTable"><tr class="b"><td><img src="images/icon_success_sml.gif" alt="" /></td><td>deveFazerUmaBuscaNoGoogleSemResultadoTest</td><td>7.477</td></tr><tr class="a"><td><img src="images/icon_success_sml.gif" alt="" /></td><td>deveFazerUmaBuscaNoGoogleTest</td><td>5.935</td></tr></table></div><div class="section"><h3>GoogleTest<a name="GoogleTest"></a></h3><a name="googleGoogleTest"></a><table border="0" class="bodyTable"><tr class="b"><td><a href="#google.GoogleTest.deveFazerUmaBuscaNoGoogleTest"><img src="images/icon_error_sml.gif" alt="" /></a></td><td><a href="#google.GoogleTest.deveFazerUmaBuscaNoGoogleTest">deveFazerUmaBuscaNoGoogleTest</a>  <div class="detailToggle" style="display:inline"><a href="javascript:toggleDisplay(&apos;deveFazerUmaBuscaNoGoogleTest&apos;);"><span style="display: inline;" id="deveFazerUmaBuscaNoGoogleTestoff">+</span><span id="deveFazerUmaBuscaNoGoogleTeston" style="display: none;">-</span> [ Detail ]</a></div></td><td>6.656</td></tr><tr class="a"><td></td><td>The element could not be found (WARNING: The server did not provide any stacktrace information) Command duration or timeout: 42 milliseconds For documentation on this error, please visit: http://seleniumhq.org/exceptions/no_such_element.html Build info: version: '2.28.0', revision: '18309', time: '2012-12-11 15:53:30' System info: os.name: 'Windows 7', os.arch: 'x86', os.version: '6.1', java.version: '1.7.0_03' Session ID: f1d51c7bb4c58ce1278305ce7ef0d7d6 Driver info: org.openqa.selenium.chrome.ChromeDriver Capabilities [{platform=XP, chrome.chromedriverVersion=26.0.1383.0, acceptSslCerts=false, javascriptEnabled=true, browserName=chrome, rotatable=false, locationContextEnabled=false, version=26.0.1410.64, cssSelectorsEnabled=true, databaseEnabled=false, handlesAlerts=true, browserConnectionEnabled=false, nativeEvents=true, webStorageEnabled=true, applicationCacheEnabled=false, takesScreenshot=true}]</td><td></td></tr><tr class="b"><td></td><td>  <div id="deveFazerUmaBuscaNoGoogleTesterror" style="display:none;"><div class="source"><pre>org.openqa.selenium.NoSuchElementException: The element could not be found (WARNING: The server did not provide any stacktrace information)Command duration or timeout: 42 millisecondsFor documentation on this error, please visit: http://seleniumhq.org/exceptions/no_such_element.htmlBuild info: version: '2.28.0', revision: '18309', time: '2012-12-11 15:53:30'System info: os.name: 'Windows 7', os.arch: 'x86', os.version: '6.1', java.version: '1.7.0_03'Session ID: f1d51c7bb4c58ce1278305ce7ef0d7d6Driver info: org.openqa.selenium.chrome.ChromeDriverCapabilities [{platform=XP, chrome.chromedriverVersion=26.0.1383.0, acceptSslCerts=false, javascriptEnabled=true, browserName=chrome, rotatable=false, locationContextEnabled=false, version=26.0.1410.64, cssSelectorsEnabled=true, databaseEnabled=false, handlesAlerts=true, browserConnectionEnabled=false, nativeEvents=true, webStorageEnabled=true, applicationCacheEnabled=false, takesScreenshot=true}]at sun.reflect.NativeConstructorAccessorImpl.newInstance0(Native Method)at sun.reflect.NativeConstructorAccessorImpl.newInstance(NativeConstructorAccessorImpl.java:57)at sun.reflect.DelegatingConstructorAccessorImpl.newInstance(DelegatingConstructorAccessorImpl.java:45)at java.lang.reflect.Constructor.newInstance(Constructor.java:525)at org.openqa.selenium.remote.ErrorHandler.createThrowable(ErrorHandler.java:187)at org.openqa.selenium.remote.ErrorHandler.throwIfResponseFailed(ErrorHandler.java:145)at org.openqa.selenium.remote.RemoteWebDriver.execute(RemoteWebDriver.java:533)at org.openqa.selenium.remote.RemoteWebDriver.findElement(RemoteWebDriver.java:302)at org.openqa.selenium.remote.RemoteWebDriver.findElementByName(RemoteWebDriver.java:363)at org.openqa.selenium.By$ByName.findElement(By.java:292)at org.openqa.selenium.remote.RemoteWebDriver.findElement(RemoteWebDriver.java:294)at google.GoogleTest.deveFazerUmaBuscaNoGoogleTest(GoogleTest.java:27)</pre></div></div></td><td></td></tr></table></div><div class="section"><h3>RemoteGoogleTest<a name="RemoteGoogleTest"></a></h3><a name="googleRemoteGoogleTest"></a><table border="0" class="bodyTable"><tr class="a"><td><a href="#google.RemoteGoogleTest.testeRemote"><img src="images/icon_error_sml.gif" alt="" /></a></td><td><a href="#google.RemoteGoogleTest.testeRemote">testeRemote</a>  <div class="detailToggle" style="display:inline"><a href="javascript:toggleDisplay(&apos;testeRemote&apos;);"><span style="display: inline;" id="testeRemoteoff">+</span><span id="testeRemoteon" style="display: none;">-</span> [ Detail ]</a></div></td><td>998</td></tr><tr class="b"><td></td><td>Could not start a new session. Possible causes are invalid address of the remote server or browser start-up failure. Build info: version: '2.28.0', revision: '18309', time: '2012-12-11 15:53:30' System info: os.name: 'Windows 7', os.arch: 'x86', os.version: '6.1', java.version: '1.7.0_03' Driver info: driver.version: RemoteWebDriver</td><td></td></tr><tr class="a"><td></td><td>  <div id="testeRemoteerror" style="display:none;"><div class="source"><pre>org.openqa.selenium.remote.UnreachableBrowserException: Could not start a new session. Possible causes are invalid address of the remote server or browser start-up failure.Build info: version: '2.28.0', revision: '18309', time: '2012-12-11 15:53:30'System info: os.name: 'Windows 7', os.arch: 'x86', os.version: '6.1', java.version: '1.7.0_03'Driver info: driver.version: RemoteWebDriverat org.openqa.selenium.remote.RemoteWebDriver.execute(RemoteWebDriver.java:527)at org.openqa.selenium.remote.RemoteWebDriver.startSession(RemoteWebDriver.java:216)at org.openqa.selenium.remote.RemoteWebDriver.&lt;init&gt;(RemoteWebDriver.java:111)at org.openqa.selenium.remote.RemoteWebDriver.&lt;init&gt;(RemoteWebDriver.java:129)at google.RemoteGoogleTest.testeRemote(RemoteGoogleTest.java:23)</pre></div></div></td><td></td></tr></table></div><div class="section"><h3>RemotePCGoogleTest<a name="RemotePCGoogleTest"></a></h3><a name="googleRemotePCGoogleTest"></a><table border="0" class="bodyTable"><tr class="b"><td><a href="#google.RemotePCGoogleTest.testeRemote"><img src="images/icon_error_sml.gif" alt="" /></a></td><td><a href="#google.RemotePCGoogleTest.testeRemote">testeRemote</a>  <div class="detailToggle" style="display:inline"><a href="javascript:toggleDisplay(&apos;testeRemote&apos;);"><span style="display: inline;" id="testeRemoteoff">+</span><span id="testeRemoteon" style="display: none;">-</span> [ Detail ]</a></div></td><td>15</td></tr><tr class="a"><td></td><td>Could not start a new session. Possible causes are invalid address of the remote server or browser start-up failure. Build info: version: '2.28.0', revision: '18309', time: '2012-12-11 15:53:30' System info: os.name: 'Windows 7', os.arch: 'x86', os.version: '6.1', java.version: '1.7.0_03' Driver info: driver.version: RemoteWebDriver</td><td></td></tr><tr class="b"><td></td><td>  <div id="testeRemoteerror" style="display:none;"><div class="source"><pre>org.openqa.selenium.remote.UnreachableBrowserException: Could not start a new session. Possible causes are invalid address of the remote server or browser start-up failure.Build info: version: '2.28.0', revision: '18309', time: '2012-12-11 15:53:30'System info: os.name: 'Windows 7', os.arch: 'x86', os.version: '6.1', java.version: '1.7.0_03'Driver info: driver.version: RemoteWebDriverat org.openqa.selenium.remote.RemoteWebDriver.execute(RemoteWebDriver.java:527)at org.openqa.selenium.remote.RemoteWebDriver.startSession(RemoteWebDriver.java:216)at org.openqa.selenium.remote.RemoteWebDriver.&lt;init&gt;(RemoteWebDriver.java:111)at org.openqa.selenium.remote.RemoteWebDriver.&lt;init&gt;(RemoteWebDriver.java:129)at google.RemotePCGoogleTest.testeRemote(RemotePCGoogleTest.java:24)</pre></div></div></td><td></td></tr></table></div><br /></div><div class="section"><h2>Failure Details<a name="Failure_Details"></a></h2><a name="Failure_Details"></a><p>[<a href="#Summary">Summary</a>] [<a href="#Package_List">Package List</a>] [<a href="#Test_Cases">Test Cases</a>]</p><br /><table border="0" class="bodyTable"><tr class="a"><td><img src="images/icon_error_sml.gif" alt="" /></td><td><a name="google.GoogleTest.deveFazerUmaBuscaNoGoogleTest"></a>deveFazerUmaBuscaNoGoogleTest</td></tr><tr class="b"><td></td><td>org.openqa.selenium.NoSuchElementException: The element could not be found (WARNING: The server did not provide any stacktrace information) Command duration or timeout: 42 milliseconds For documentation on this error, please visit: http://seleniumhq.org/exceptions/no_such_element.html Build info: version: '2.28.0', revision: '18309', time: '2012-12-11 15:53:30' System info: os.name: 'Windows 7', os.arch: 'x86', os.version: '6.1', java.version: '1.7.0_03' Session ID: f1d51c7bb4c58ce1278305ce7ef0d7d6 Driver info: org.openqa.selenium.chrome.ChromeDriver Capabilities [{platform=XP, chrome.chromedriverVersion=26.0.1383.0, acceptSslCerts=false, javascriptEnabled=true, browserName=chrome, rotatable=false, locationContextEnabled=false, version=26.0.1410.64, cssSelectorsEnabled=true, databaseEnabled=false, handlesAlerts=true, browserConnectionEnabled=false, nativeEvents=true, webStorageEnabled=true, applicationCacheEnabled=false, takesScreenshot=true}]</td></tr>                                                                            <tr class="a"><td></td><td>  <div id="deveFazerUmaBuscaNoGoogleTesterror" >google.GoogleTest:27</div></td></tr><tr class="b"><td><img src="images/icon_error_sml.gif" alt="" /></td><td><a name="google.RemoteGoogleTest.testeRemote"></a>testeRemote</td></tr><tr class="a"><td></td><td>org.openqa.selenium.remote.UnreachableBrowserException: Could not start a new session. Possible causes are invalid address of the remote server or browser start-up failure. Build info: version: '2.28.0', revision: '18309', time: '2012-12-11 15:53:30' System info: os.name: 'Windows 7', os.arch: 'x86', os.version: '6.1', java.version: '1.7.0_03' Driver info: driver.version: RemoteWebDriver</td></tr>                                <tr class="b"><td></td><td>  <div id="testeRemoteerror" >google.RemoteGoogleTest:23</div></td></tr><tr class="a"><td><img src="images/icon_error_sml.gif" alt="" /></td><td><a name="google.RemotePCGoogleTest.testeRemote"></a>testeRemote</td></tr><tr class="b"><td></td><td>org.openqa.selenium.remote.UnreachableBrowserException: Could not start a new session. Possible causes are invalid address of the remote server or browser start-up failure. Build info: version: '2.28.0', revision: '18309', time: '2012-12-11 15:53:30' System info: os.name: 'Windows 7', os.arch: 'x86', os.version: '6.1', java.version: '1.7.0_03' Driver info: driver.version: RemoteWebDriver</td></tr>                                <tr class="a"><td></td><td>  <div id="testeRemoteerror" >google.RemotePCGoogleTest:24</div></td></tr></table><br /></div>
      </div>
    </div>
    <div class="clear">
      <hr/>
    </div>
    <div id="footer">
      <div class="xright">
              Copyright &#169;                   2013.
          All Rights Reserved.      
            
                  </div>
      <div class="clear">
        <hr/>
      </div>
    </div>
  </body>
</html>
